This is pdfTeX, Version 3.14159265-2.6-1.40.21 (MiKTeX 2.9.7400 64-bit) (preloaded format=pdflatex 2020.4.30)  6 JUL 2020 21:54
entering extended mode
**C:/Users/Dell/OneDrive/GitHub/Paquetes/popstudy/.Rd2pdf12608/Rd2.tex
(C:/Users/Dell/OneDrive/GitHub/Paquetes/popstudy/.Rd2pdf12608/Rd2.tex
LaTeX2e <2020-02-02> patch level 5
L3 programming layer <2020-04-06>
("C:\Users\Dell\AppData\Local\Programs\MiKTeX 2.9\tex/latex/base\book.cls"
Document Class: book 2019/12/20 v1.4l Standard LaTeX document class
("C:\Users\Dell\AppData\Local\Programs\MiKTeX 2.9\tex/latex/base\bk10.clo"
File: bk10.clo 2019/12/20 v1.4l Standard LaTeX file (size option)
)
\c@part=\count167
\c@chapter=\count168
\c@section=\count169
\c@subsection=\count170
\c@subsubsection=\count171
\c@paragraph=\count172
\c@subparagraph=\count173
\c@figure=\count174
\c@table=\count175
\abovecaptionskip=\skip47
\belowcaptionskip=\skip48
\bibindent=\dimen134
)
(C:/PROGRA~1/R/R-40~1.1/share/texmf/tex/latex\Rd.sty
Package: Rd 

("C:\Users\Dell\AppData\Local\Programs\MiKTeX 2.9\tex/latex/base\ifthen.sty"
Package: ifthen 2014/09/29 v1.1c Standard LaTeX ifthen package (DPC)
)
("C:\Users\Dell\AppData\Local\Programs\MiKTeX 2.9\tex/latex/tools\longtable.sty
"
Package: longtable 2020/01/07 v4.13 Multi-page Table package (DPC)
\LTleft=\skip49
\LTright=\skip50
\LTpre=\skip51
\LTpost=\skip52
\LTchunksize=\count176
\LTcapwidth=\dimen135
\LT@head=\box45
\LT@firsthead=\box46
\LT@foot=\box47
\LT@lastfoot=\box48
\LT@cols=\count177
\LT@rows=\count178
\c@LT@tables=\count179
\c@LT@chunks=\count180
\LT@p@ftn=\toks15
) ("C:\Users\Dell\AppData\Local\Programs\MiKTeX 2.9\tex/latex/tools\bm.sty"
Package: bm 2019/07/24 v1.2d Bold Symbol Support (DPC/FMi)
\symboldoperators=\mathgroup4
\symboldletters=\mathgroup5
\symboldsymbols=\mathgroup6
LaTeX Font Info:    Redeclaring math alphabet \mathbf on input line 141.
LaTeX Info: Redefining \bm on input line 209.
)
("C:\Users\Dell\AppData\Local\Programs\MiKTeX 2.9\tex/latex/base\alltt.sty"
Package: alltt 1997/06/16 v2.0g defines alltt environment
)
("C:\Users\Dell\AppData\Local\Programs\MiKTeX 2.9\tex/latex/tools\verbatim.sty"
Package: verbatim 2019/11/10 v1.5r LaTeX2e package for verbatim enhancements
\every@verbatim=\toks16
\verbatim@line=\toks17
\verbatim@in@stream=\read2
) ("C:\Users\Dell\AppData\Local\Programs\MiKTeX 2.9\tex/latex/url\url.sty"
\Urlmuskip=\muskip16
Package: url 2013/09/16  ver 3.4  Verb mode for urls, etc.
)
("C:\Users\Dell\AppData\Local\Programs\MiKTeX 2.9\tex/latex/base\textcomp.sty"
Package: textcomp 2020/02/02 v2.0n Standard LaTeX package
)
\ldescriptionwidth=\skip53
("C:\Users\Dell\AppData\Local\Programs\MiKTeX 2.9\tex/latex/base\fontenc.sty"
Package: fontenc 2020/02/11 v2.0o Standard LaTeX package
)
("C:\Users\Dell\AppData\Local\Programs\MiKTeX 2.9\tex/latex/psnfss\times.sty"
Package: times 2020/03/25 PSNFSS-v9.3 (SPQR) 
)
("C:\Users\Dell\AppData\Local\Programs\MiKTeX 2.9\tex/latex/inconsolata\zi4.sty
"
Package: zi4 2019/05/17 v1.12
 `inconsolata-zi4' v1.12, 2019/05/17 Text macros for Inconsolata (msharpe)
("C:\Users\Dell\AppData\Local\Programs\MiKTeX 2.9\tex/latex/xkeyval\xkeyval.sty
"
Package: xkeyval 2014/12/03 v2.7a package option processing (HA)

("C:\Users\Dell\AppData\Local\Programs\MiKTeX 2.9\tex/generic/xkeyval\xkeyval.t
ex"
("C:\Users\Dell\AppData\Local\Programs\MiKTeX 2.9\tex/generic/xkeyval\xkvutils.
tex"
\XKV@toks=\toks18
\XKV@tempa@toks=\toks19

("C:\Users\Dell\AppData\Local\Programs\MiKTeX 2.9\tex/generic/xkeyval\keyval.te
x"))
\XKV@depth=\count181
File: xkeyval.tex 2014/12/03 v2.7a key=value parser (HA)
))
\zifour@ocount=\count182
)
("C:\Users\Dell\AppData\Local\Programs\MiKTeX 2.9\tex/latex/graphics\color.sty"
Package: color 2019/11/23 v1.2a Standard LaTeX Color (DPC)

("C:\Users\Dell\AppData\Local\Programs\MiKTeX 2.9\tex/latex/graphics-cfg\color.
cfg"
File: color.cfg 2016/01/02 v1.6 sample color configuration
)
Package color Info: Driver file: pdftex.def on input line 147.

("C:\Users\Dell\AppData\Local\Programs\MiKTeX 2.9\tex/latex/graphics-def\pdftex
.def"
File: pdftex.def 2018/01/08 v1.0l Graphics/color driver for pdftex
))
("C:\Users\Dell\AppData\Local\Programs\MiKTeX 2.9\tex/latex/hyperref\hyperref.s
ty"
Package: hyperref 2020/01/14 v7.00d Hypertext links for LaTeX

("C:\Users\Dell\AppData\Local\Programs\MiKTeX 2.9\tex/generic/ltxcmds\ltxcmds.s
ty"
Package: ltxcmds 2019/12/15 v1.24 LaTeX kernel commands for general use (HO)
)
("C:\Users\Dell\AppData\Local\Programs\MiKTeX 2.9\tex/generic/iftex\iftex.sty"
Package: iftex 2020/03/06 v1.0d TeX engine tests
)
("C:\Users\Dell\AppData\Local\Programs\MiKTeX 2.9\tex/latex/pdftexcmds\pdftexcm
ds.sty"
Package: pdftexcmds 2019/11/24 v0.31 Utility functions of pdfTeX for LuaTeX (HO
)

("C:\Users\Dell\AppData\Local\Programs\MiKTeX 2.9\tex/generic/infwarerr\infware
rr.sty"
Package: infwarerr 2019/12/03 v1.5 Providing info/warning/error messages (HO)
)
Package pdftexcmds Info: \pdf@primitive is available.
Package pdftexcmds Info: \pdf@ifprimitive is available.
Package pdftexcmds Info: \pdfdraftmode found.
)
("C:\Users\Dell\AppData\Local\Programs\MiKTeX 2.9\tex/generic/kvsetkeys\kvsetke
ys.sty"
Package: kvsetkeys 2019/12/15 v1.18 Key value parser (HO)
)
("C:\Users\Dell\AppData\Local\Programs\MiKTeX 2.9\tex/generic/kvdefinekeys\kvde
finekeys.sty"
Package: kvdefinekeys 2019-12-19 v1.6 Define keys (HO)
)
("C:\Users\Dell\AppData\Local\Programs\MiKTeX 2.9\tex/generic/pdfescape\pdfesca
pe.sty"
Package: pdfescape 2019/12/09 v1.15 Implements pdfTeX's escape features (HO)
)
("C:\Users\Dell\AppData\Local\Programs\MiKTeX 2.9\tex/latex/hycolor\hycolor.sty
"
Package: hycolor 2020-01-27 v1.10 Color options for hyperref/bookmark (HO)
)
("C:\Users\Dell\AppData\Local\Programs\MiKTeX 2.9\tex/latex/letltxmacro\letltxm
acro.sty"
Package: letltxmacro 2019/12/03 v1.6 Let assignment for LaTeX macros (HO)
)
("C:\Users\Dell\AppData\Local\Programs\MiKTeX 2.9\tex/latex/auxhook\auxhook.sty
"
Package: auxhook 2019-12-17 v1.6 Hooks for auxiliary files (HO)
)
("C:\Users\Dell\AppData\Local\Programs\MiKTeX 2.9\tex/latex/kvoptions\kvoptions
.sty"
Package: kvoptions 2019/11/29 v3.13 Key value format for package options (HO)
)
\@linkdim=\dimen136
\Hy@linkcounter=\count183
\Hy@pagecounter=\count184

("C:\Users\Dell\AppData\Local\Programs\MiKTeX 2.9\tex/latex/hyperref\pd1enc.def
"
File: pd1enc.def 2020/01/14 v7.00d Hyperref: PDFDocEncoding definition (HO)
Now handling font encoding PD1 ...
... no UTF-8 mapping file for font encoding PD1
)
("C:\Users\Dell\AppData\Local\Programs\MiKTeX 2.9\tex/generic/intcalc\intcalc.s
ty"
Package: intcalc 2019/12/15 v1.3 Expandable calculations with integers (HO)
)
("C:\Users\Dell\AppData\Local\Programs\MiKTeX 2.9\tex/generic/etexcmds\etexcmds
.sty"
Package: etexcmds 2019/12/15 v1.7 Avoid name clashes with e-TeX commands (HO)
)
\Hy@SavedSpaceFactor=\count185
Package hyperref Info: Hyper figures OFF on input line 4547.
Package hyperref Info: Link nesting OFF on input line 4552.
Package hyperref Info: Hyper index ON on input line 4555.
Package hyperref Info: Plain pages OFF on input line 4562.
Package hyperref Info: Backreferencing OFF on input line 4567.
Package hyperref Info: Implicit mode ON; LaTeX internals redefined.
Package hyperref Info: Bookmarks ON on input line 4800.
\c@Hy@tempcnt=\count186
LaTeX Info: Redefining \url on input line 5159.
\XeTeXLinkMargin=\dimen137

("C:\Users\Dell\AppData\Local\Programs\MiKTeX 2.9\tex/generic/bitset\bitset.sty
"
Package: bitset 2019/12/09 v1.3 Handle bit-vector datatype (HO)

("C:\Users\Dell\AppData\Local\Programs\MiKTeX 2.9\tex/generic/bigintcalc\bigint
calc.sty"
Package: bigintcalc 2019/12/15 v1.5 Expandable calculations on big integers (HO
)
))
\Fld@menulength=\count187
\Field@Width=\dimen138
\Fld@charsize=\dimen139
Package hyperref Info: Hyper figures OFF on input line 6430.
Package hyperref Info: Link nesting OFF on input line 6435.
Package hyperref Info: Hyper index ON on input line 6438.
Package hyperref Info: backreferencing OFF on input line 6445.
Package hyperref Info: Link coloring OFF on input line 6450.
Package hyperref Info: Link coloring with OCG OFF on input line 6455.
Package hyperref Info: PDF/A mode OFF on input line 6460.
LaTeX Info: Redefining \ref on input line 6500.
LaTeX Info: Redefining \pageref on input line 6504.

("C:\Users\Dell\AppData\Local\Programs\MiKTeX 2.9\tex/generic/atbegshi\atbegshi
.sty"
Package: atbegshi 2019/12/05 v1.19 At begin shipout hook (HO)
)
\Hy@abspage=\count188
\c@Item=\count189
\c@Hfootnote=\count190
)
Package hyperref Info: Driver (autodetected): hpdftex.

("C:\Users\Dell\AppData\Local\Programs\MiKTeX 2.9\tex/latex/hyperref\hpdftex.de
f"
File: hpdftex.def 2020/01/14 v7.00d Hyperref driver for pdfTeX

("C:\Users\Dell\AppData\Local\Programs\MiKTeX 2.9\tex/latex/atveryend\atveryend
.sty"
Package: atveryend 2019-12-11 v1.11 Hooks at the very end of document (HO)
Package atveryend Info: \enddocument detected (standard20110627).
)
\Fld@listcount=\count191
\c@bookmark@seq@number=\count192

("C:\Users\Dell\AppData\Local\Programs\MiKTeX 2.9\tex/latex/rerunfilecheck\reru
nfilecheck.sty"
Package: rerunfilecheck 2019/12/05 v1.9 Rerun checks for auxiliary files (HO)

("C:\Users\Dell\AppData\Local\Programs\MiKTeX 2.9\tex/generic/uniquecounter\uni
quecounter.sty"
Package: uniquecounter 2019/12/15 v1.4 Provide unlimited unique counter (HO)
)
Package uniquecounter Info: New unique counter `rerunfilecheck' on input line 2
86.
)
\Hy@SectionHShift=\skip54
)

Package hyperref Warning: Option `hyperindex' has already been used,
(hyperref)                setting the option has no effect on input line 377.

Package hyperref Info: Option `colorlinks' set `true' on input line 377.

Package hyperref Warning: Option `pagebackref' has already been used,
(hyperref)                setting the option has no effect on input line 377.

Package hyperref Info: Option `linktocpage' set `true' on input line 377.
Package hyperref Info: Option `plainpages' set `false' on input line 377.
) ("C:\Users\Dell\AppData\Local\Programs\MiKTeX 2.9\tex/latex/base\makeidx.sty"
Package: makeidx 2014/09/29 v1.0m Standard LaTeX package
) ("C:\Users\Dell\AppData\Local\Programs\MiKTeX 2.9\tex/latex/base\inputenc.sty
"
Package: inputenc 2018/08/11 v1.3c Input encoding file
\inpenc@prehook=\toks20
\inpenc@posthook=\toks21
)
\@indexfile=\write3
\openout3 = `Rd2.idx'.


Writing index file Rd2.idx

("C:\Users\Dell\AppData\Local\Programs\MiKTeX 2.9\tex/latex/l3backend\l3backend
-pdfmode.def"
File: l3backend-pdfmode.def 2020-03-12 L3 backend support: PDF mode
\l__kernel_color_stack_int=\count193
\l__pdf_internal_box=\box49
)
No file Rd2.aux.
\openout1 = `Rd2.aux'.

LaTeX Font Info:    Checking defaults for OML/cmm/m/it on input line 7.
LaTeX Font Info:    ... okay on input line 7.
LaTeX Font Info:    Checking defaults for OMS/cmsy/m/n on input line 7.
LaTeX Font Info:    ... okay on input line 7.
LaTeX Font Info:    Checking defaults for OT1/cmr/m/n on input line 7.
LaTeX Font Info:    ... okay on input line 7.
LaTeX Font Info:    Checking defaults for T1/cmr/m/n on input line 7.
LaTeX Font Info:    ... okay on input line 7.
LaTeX Font Info:    Checking defaults for TS1/cmr/m/n on input line 7.
LaTeX Font Info:    ... okay on input line 7.
LaTeX Font Info:    Checking defaults for OMX/cmex/m/n on input line 7.
LaTeX Font Info:    ... okay on input line 7.
LaTeX Font Info:    Checking defaults for U/cmr/m/n on input line 7.
LaTeX Font Info:    ... okay on input line 7.
LaTeX Font Info:    Checking defaults for PD1/pdf/m/n on input line 7.
LaTeX Font Info:    ... okay on input line 7.
LaTeX Font Info:    Trying to load font information for T1+ptm on input line 7.

("C:\Users\Dell\AppData\Local\Programs\MiKTeX 2.9\tex/latex/psnfss\t1ptm.fd"
File: t1ptm.fd 2001/06/04 font definitions for T1/ptm.
)
("C:\Users\Dell\AppData\Local\Programs\MiKTeX 2.9\tex/context/base/mkii\supp-pd
f.mkii"
[Loading MPS to PDF converter (version 2006.09.02).]
\scratchcounter=\count194
\scratchdimen=\dimen140
\scratchbox=\box50
\nofMPsegments=\count195
\nofMParguments=\count196
\everyMPshowfont=\toks22
\MPscratchCnt=\count197
\MPscratchDim=\dimen141
\MPnumerator=\count198
\makeMPintoPDFobject=\count199
\everyMPtoPDFconversion=\toks23
)
\AtBeginShipoutBox=\box51
Package hyperref Info: Link coloring ON on input line 7.

("C:\Users\Dell\AppData\Local\Programs\MiKTeX 2.9\tex/latex/hyperref\nameref.st
y"
Package: nameref 2019/09/16 v2.46 Cross-referencing by name of section

("C:\Users\Dell\AppData\Local\Programs\MiKTeX 2.9\tex/latex/refcount\refcount.s
ty"
Package: refcount 2019/12/15 v3.6 Data extraction from label references (HO)
)
("C:\Users\Dell\AppData\Local\Programs\MiKTeX 2.9\tex/generic/gettitlestring\ge
ttitlestring.sty"
Package: gettitlestring 2019/12/15 v1.6 Cleanup title references (HO)
)
\c@section@level=\count266
)
LaTeX Info: Redefining \ref on input line 7.
LaTeX Info: Redefining \pageref on input line 7.
LaTeX Info: Redefining \nameref on input line 7.
\@outlinefile=\write4
\openout4 = `Rd2.out'.

LaTeX Font Info:    Trying to load font information for T1+zi4 on input line 20
.

("C:\Users\Dell\AppData\Local\Programs\MiKTeX 2.9\tex/latex/inconsolata\t1zi4.f
d"
File: t1zi4.fd 2018/01/14 T1/zi4 (Inconsolata)
)
LaTeX Font Info:    Font shape `T1/zi4/m/n' will be
(Font)              scaled to size 10.0pt on input line 20.
LaTeX Font Info:    External font `cmex10' loaded for size
(Font)              <7> on input line 35.
LaTeX Font Info:    External font `cmex10' loaded for size
(Font)              <5> on input line 35.
LaTeX Font Info:    Trying to load font information for T1+phv on input line 39
.
 ("C:\Users\Dell\AppData\Local\Programs\MiKTeX 2.9\tex/latex/psnfss\t1phv.fd"
File: t1phv.fd 2020/03/25 scalable font definitions for T1/phv.
)
\tf@toc=\write5
\openout5 = `Rd2.toc'.

 [1


{C:/Users/Dell/AppData/Local/MiKTeX/2.9/pdftex/config/pdftex.map}]
LaTeX Font Info:    Font shape `T1/zi4/m/n' will be
(Font)              scaled to size 9.0pt on input line 70.

[2] [3]
Overfull \hbox (3.50935pt too wide) in paragraph at lines 225--229
\T1/ptm/m/n/10 se-vier Sci-ence. ISBN 9781483289106, [][]$\T1/zi4/m/n/10 https 
: / / books . google . co . cr / books ? id = HVW0BQAAQBAJ$[][]\T1/ptm/m/n/10 .
 
 []


Overfull \hbox (9.76248pt too wide) in paragraph at lines 239--239
 []\T1/zi4/m/n/9 growth_exp(N0=2839177, Nt=3405813, t0="2000-05-14", t="2010-05
-16", time_interval = "years")[] 
 []

[4]
Overfull \hbox (0.76248pt too wide) in paragraph at lines 243--243
 []\T1/zi4/m/n/9 growth_exp(N0=2839177, r=0.0182, t0="2000-05-14", t="2000-06-3
0", time_interval = "years")[] 
 []


! Package inputenc Error: Unicode character  (U+0004)
(inputenc)                not set up for use with LaTeX.

See the inputenc package documentation for explanation.
Type  H <return>  for immediate help.
 ...                                              
                                                  
l.290 Rau R, Bohk-Ewald C, MuszyE
                                  ska M, Vaupel J (2017).
? 